{"/home/nathankawaller/practice_js/simple_questions/factorial.js": {"path":"/home/nathankawaller/practice_js/simple_questions/factorial.js","statementMap":{"0":{"start":{"line":4,"column":13},"end":{"line":10,"column":1}},"1":{"start":{"line":5,"column":15},"end":{"line":5,"column":16}},"2":{"start":{"line":6,"column":2},"end":{"line":8,"column":3}},"3":{"start":{"line":6,"column":15},"end":{"line":6,"column":16}},"4":{"start":{"line":7,"column":4},"end":{"line":7,"column":16}},"5":{"start":{"line":9,"column":2},"end":{"line":9,"column":16}},"6":{"start":{"line":15,"column":18},"end":{"line":21,"column":1}},"7":{"start":{"line":16,"column":15},"end":{"line":16,"column":16}},"8":{"start":{"line":17,"column":2},"end":{"line":19,"column":3}},"9":{"start":{"line":18,"column":4},"end":{"line":18,"column":16}},"10":{"start":{"line":20,"column":2},"end":{"line":20,"column":16}},"11":{"start":{"line":26,"column":22},"end":{"line":32,"column":1}},"12":{"start":{"line":27,"column":2},"end":{"line":31,"column":3}},"13":{"start":{"line":28,"column":4},"end":{"line":28,"column":13}},"14":{"start":{"line":30,"column":4},"end":{"line":30,"column":36}},"15":{"start":{"line":37,"column":19},"end":{"line":39,"column":1}},"16":{"start":{"line":38,"column":2},"end":{"line":38,"column":47}},"17":{"start":{"line":38,"column":35},"end":{"line":38,"column":45}},"18":{"start":{"line":42,"column":0},"end":{"line":47,"column":1}},"19":{"start":{"line":49,"column":0},"end":{"line":49,"column":21}},"20":{"start":{"line":50,"column":0},"end":{"line":50,"column":21}},"21":{"start":{"line":51,"column":0},"end":{"line":51,"column":30}},"22":{"start":{"line":52,"column":0},"end":{"line":52,"column":30}},"23":{"start":{"line":53,"column":0},"end":{"line":53,"column":41}},"24":{"start":{"line":54,"column":0},"end":{"line":54,"column":47}},"25":{"start":{"line":55,"column":0},"end":{"line":55,"column":40}},"26":{"start":{"line":56,"column":0},"end":{"line":56,"column":46}}},"fnMap":{"0":{"name":"(anonymous_0)","decl":{"start":{"line":4,"column":13},"end":{"line":4,"column":14}},"loc":{"start":{"line":4,"column":20},"end":{"line":10,"column":1}},"line":4},"1":{"name":"(anonymous_1)","decl":{"start":{"line":15,"column":18},"end":{"line":15,"column":19}},"loc":{"start":{"line":15,"column":25},"end":{"line":21,"column":1}},"line":15},"2":{"name":"(anonymous_2)","decl":{"start":{"line":26,"column":22},"end":{"line":26,"column":23}},"loc":{"start":{"line":26,"column":29},"end":{"line":32,"column":1}},"line":26},"3":{"name":"(anonymous_3)","decl":{"start":{"line":37,"column":19},"end":{"line":37,"column":20}},"loc":{"start":{"line":37,"column":28},"end":{"line":39,"column":1}},"line":37},"4":{"name":"(anonymous_4)","decl":{"start":{"line":38,"column":20},"end":{"line":38,"column":21}},"loc":{"start":{"line":38,"column":35},"end":{"line":38,"column":45}},"line":38}},"branchMap":{"0":{"loc":{"start":{"line":27,"column":2},"end":{"line":31,"column":3}},"type":"if","locations":[{"start":{"line":27,"column":2},"end":{"line":31,"column":3}},{"start":{"line":27,"column":2},"end":{"line":31,"column":3}}],"line":27}},"s":{"0":1,"1":4,"2":4,"3":4,"4":24,"5":4,"6":1,"7":4,"8":4,"9":24,"10":4,"11":1,"12":24,"13":4,"14":20,"15":1,"16":4,"17":20,"18":1,"19":1,"20":1,"21":1,"22":1,"23":1,"24":1,"25":1,"26":1},"f":{"0":4,"1":4,"2":24,"3":4,"4":20},"b":{"0":[4,20]},"_coverageSchema":"1a1c01bbd47fc00a2c39e90264f33305004495a9","hash":"e8886dc8ea790548686e0c0b941a20b20939cb85"}
,"/home/nathankawaller/practice_js/simple_questions/repeatString.js": {"path":"/home/nathankawaller/practice_js/simple_questions/repeatString.js","statementMap":{"0":{"start":{"line":1,"column":21},"end":{"line":1,"column":42}},"1":{"start":{"line":1,"column":31},"end":{"line":1,"column":42}},"2":{"start":{"line":3,"column":0},"end":{"line":3,"column":30}}},"fnMap":{"0":{"name":"(anonymous_0)","decl":{"start":{"line":1,"column":21},"end":{"line":1,"column":22}},"loc":{"start":{"line":1,"column":31},"end":{"line":1,"column":42}},"line":1}},"branchMap":{},"s":{"0":1,"1":1,"2":1},"f":{"0":1},"b":{},"_coverageSchema":"1a1c01bbd47fc00a2c39e90264f33305004495a9","hash":"405deb98f9abf11c5a939725f5d0e34131dfa462"}
,"/home/nathankawaller/practice_js/simple_questions/reverse_string.js": {"path":"/home/nathankawaller/practice_js/simple_questions/reverse_string.js","statementMap":{"0":{"start":{"line":3,"column":2},"end":{"line":3,"column":40}},"1":{"start":{"line":7,"column":15},"end":{"line":7,"column":52}},"2":{"start":{"line":7,"column":22},"end":{"line":7,"column":52}},"3":{"start":{"line":11,"column":15},"end":{"line":11,"column":17}},"4":{"start":{"line":12,"column":2},"end":{"line":14,"column":3}},"5":{"start":{"line":12,"column":15},"end":{"line":12,"column":27}},"6":{"start":{"line":13,"column":4},"end":{"line":13,"column":19}},"7":{"start":{"line":15,"column":2},"end":{"line":15,"column":16}},"8":{"start":{"line":20,"column":15},"end":{"line":20,"column":17}},"9":{"start":{"line":21,"column":2},"end":{"line":23,"column":3}},"10":{"start":{"line":22,"column":4},"end":{"line":22,"column":24}},"11":{"start":{"line":24,"column":2},"end":{"line":24,"column":16}},"12":{"start":{"line":29,"column":15},"end":{"line":29,"column":17}},"13":{"start":{"line":30,"column":2},"end":{"line":32,"column":3}},"14":{"start":{"line":31,"column":4},"end":{"line":31,"column":27}},"15":{"start":{"line":33,"column":2},"end":{"line":33,"column":16}},"16":{"start":{"line":38,"column":15},"end":{"line":38,"column":17}},"17":{"start":{"line":39,"column":14},"end":{"line":39,"column":26}},"18":{"start":{"line":40,"column":2},"end":{"line":43,"column":3}},"19":{"start":{"line":41,"column":4},"end":{"line":41,"column":23}},"20":{"start":{"line":42,"column":4},"end":{"line":42,"column":12}},"21":{"start":{"line":44,"column":2},"end":{"line":44,"column":16}},"22":{"start":{"line":47,"column":0},"end":{"line":54,"column":2}}},"fnMap":{"0":{"name":"reverseString","decl":{"start":{"line":2,"column":9},"end":{"line":2,"column":22}},"loc":{"start":{"line":2,"column":26},"end":{"line":4,"column":1}},"line":2},"1":{"name":"(anonymous_1)","decl":{"start":{"line":7,"column":15},"end":{"line":7,"column":16}},"loc":{"start":{"line":7,"column":22},"end":{"line":7,"column":52}},"line":7},"2":{"name":"decRev","decl":{"start":{"line":10,"column":9},"end":{"line":10,"column":15}},"loc":{"start":{"line":10,"column":19},"end":{"line":16,"column":1}},"line":10},"3":{"name":"revForOf","decl":{"start":{"line":19,"column":9},"end":{"line":19,"column":17}},"loc":{"start":{"line":19,"column":21},"end":{"line":25,"column":1}},"line":19},"4":{"name":"revForIn","decl":{"start":{"line":28,"column":9},"end":{"line":28,"column":17}},"loc":{"start":{"line":28,"column":21},"end":{"line":34,"column":1}},"line":28},"5":{"name":"revWhile","decl":{"start":{"line":37,"column":9},"end":{"line":37,"column":17}},"loc":{"start":{"line":37,"column":21},"end":{"line":45,"column":1}},"line":37}},"branchMap":{},"s":{"0":1,"1":1,"2":1,"3":1,"4":1,"5":1,"6":5,"7":1,"8":1,"9":1,"10":5,"11":1,"12":1,"13":1,"14":5,"15":1,"16":1,"17":1,"18":1,"19":5,"20":5,"21":1,"22":1},"f":{"0":1,"1":1,"2":1,"3":1,"4":1,"5":1},"b":{},"_coverageSchema":"1a1c01bbd47fc00a2c39e90264f33305004495a9","hash":"2920cf257371349c08289b1a879942f3c3d20056"}
}
