TN:
SF:simple_questions/factorial.js
FN:4,(anonymous_0)
FN:15,(anonymous_1)
FN:26,(anonymous_2)
FN:37,(anonymous_3)
FN:38,(anonymous_4)
FNF:5
FNH:5
FNDA:4,(anonymous_0)
FNDA:4,(anonymous_1)
FNDA:24,(anonymous_2)
FNDA:4,(anonymous_3)
FNDA:20,(anonymous_4)
DA:4,1
DA:5,4
DA:6,4
DA:7,24
DA:9,4
DA:15,1
DA:16,4
DA:17,4
DA:18,24
DA:20,4
DA:26,1
DA:27,24
DA:28,4
DA:30,20
DA:37,1
DA:38,20
DA:42,1
DA:49,1
DA:50,1
DA:51,1
DA:52,1
DA:53,1
DA:54,1
DA:55,1
DA:56,1
LF:25
LH:25
BRDA:27,0,0,4
BRDA:27,0,1,20
BRF:2
BRH:2
end_of_record
TN:
SF:simple_questions/repeatString.js
FN:1,(anonymous_0)
FNF:1
FNH:1
FNDA:1,(anonymous_0)
DA:1,1
DA:3,1
LF:2
LH:2
BRF:0
BRH:0
end_of_record
TN:
SF:simple_questions/reverse_string.js
FN:2,reverseString
FN:7,(anonymous_1)
FN:10,decRev
FN:19,revForOf
FN:28,revForIn
FN:37,revWhile
FNF:6
FNH:6
FNDA:1,reverseString
FNDA:1,(anonymous_1)
FNDA:1,decRev
FNDA:1,revForOf
FNDA:1,revForIn
FNDA:1,revWhile
DA:3,1
DA:7,1
DA:11,1
DA:12,1
DA:13,5
DA:15,1
DA:20,1
DA:21,1
DA:22,5
DA:24,1
DA:29,1
DA:30,1
DA:31,5
DA:33,1
DA:38,1
DA:39,1
DA:40,1
DA:41,5
DA:42,5
DA:44,1
DA:47,1
LF:21
LH:21
BRF:0
BRH:0
end_of_record
