TN:
SF:simple_questions/repeatString.js
FN:1,(anonymous_0)
FNF:1
FNH:1
FNDA:1,(anonymous_0)
DA:1,1
DA:3,1
LF:2
LH:2
BRF:0
BRH:0
end_of_record
TN:
SF:simple_questions/reverse_string.js
FN:2,reverseString
FN:7,(anonymous_1)
FN:10,decRev
FN:19,revForOf
FN:28,revForIn
FN:37,revWhile
FNF:6
FNH:6
FNDA:2,reverseString
FNDA:2,(anonymous_1)
FNDA:2,decRev
FNDA:2,revForOf
FNDA:2,revForIn
FNDA:2,revWhile
DA:3,2
DA:7,2
DA:11,2
DA:12,2
DA:13,37
DA:15,2
DA:20,2
DA:21,2
DA:22,37
DA:24,2
DA:29,2
DA:30,2
DA:31,37
DA:33,2
DA:38,2
DA:39,2
DA:40,2
DA:41,37
DA:42,37
DA:44,2
DA:47,1
DA:49,1
DA:50,1
DA:51,1
DA:52,1
DA:53,1
DA:54,1
DA:56,1
LF:28
LH:28
BRF:0
BRH:0
end_of_record
